TN:
SF:src/app/app.component.ts
FNF:0
FNH:0
DA:11,1
LF:1
LH:1
BRF:0
BRH:0
end_of_record
TN:
SF:src/app/connection-info.ts
FNF:0
FNH:0
DA:6,1
LF:1
LH:1
BRF:0
BRH:0
end_of_record
TN:
SF:src/app/file-dropped.directive.ts
FN:10,(anonymous_0)
FN:25,(anonymous_1)
FN:35,(anonymous_2)
FN:45,(anonymous_3)
FNF:4
FNH:0
FNDA:0,(anonymous_0)
FNDA:0,(anonymous_1)
FNDA:0,(anonymous_2)
FNDA:0,(anonymous_3)
DA:10,1
DA:14,0
DA:19,0
DA:26,0
DA:27,0
DA:28,0
DA:36,0
DA:37,0
DA:38,0
DA:46,0
DA:47,0
DA:48,0
DA:49,0
DA:50,0
DA:51,0
LF:15
LH:1
BRDA:50,0,0,0
BRF:1
BRH:0
end_of_record
TN:
SF:src/app/log.classes.ts
FN:25,(anonymous_0)
FN:34,(anonymous_1)
FN:41,(anonymous_2)
FN:48,(anonymous_3)
FN:77,(anonymous_4)
FN:80,(anonymous_5)
FN:86,(anonymous_6)
FN:93,(anonymous_7)
FN:100,(anonymous_8)
FN:154,(anonymous_9)
FN:168,(anonymous_10)
FN:175,(anonymous_11)
FN:182,(anonymous_12)
FN:189,(anonymous_13)
FN:196,(anonymous_14)
FN:203,(anonymous_15)
FN:210,(anonymous_16)
FN:217,(anonymous_17)
FN:246,(anonymous_18)
FN:249,(anonymous_19)
FN:252,(anonymous_20)
FN:262,(anonymous_21)
FN:269,(anonymous_22)
FN:276,(anonymous_23)
FNF:24
FNH:10
FNDA:8,(anonymous_0)
FNDA:0,(anonymous_1)
FNDA:0,(anonymous_2)
FNDA:0,(anonymous_3)
FNDA:2,(anonymous_4)
FNDA:8,(anonymous_5)
FNDA:0,(anonymous_6)
FNDA:0,(anonymous_7)
FNDA:0,(anonymous_8)
FNDA:11,(anonymous_9)
FNDA:50,(anonymous_10)
FNDA:50,(anonymous_11)
FNDA:0,(anonymous_12)
FNDA:0,(anonymous_13)
FNDA:0,(anonymous_14)
FNDA:0,(anonymous_15)
FNDA:0,(anonymous_16)
FNDA:0,(anonymous_17)
FNDA:2,(anonymous_18)
FNDA:11,(anonymous_19)
FNDA:12,(anonymous_20)
FNDA:0,(anonymous_21)
FNDA:1,(anonymous_22)
FNDA:0,(anonymous_23)
DA:26,8
DA:27,8
DA:28,8
DA:35,0
DA:42,0
DA:49,0
DA:71,2
DA:78,2
DA:79,2
DA:80,8
DA:87,0
DA:94,0
DA:101,0
DA:155,11
DA:156,11
DA:157,11
DA:158,11
DA:159,11
DA:160,11
DA:161,11
DA:162,11
DA:169,50
DA:176,50
DA:183,0
DA:190,0
DA:197,0
DA:204,0
DA:211,0
DA:218,0
DA:235,2
DA:247,2
DA:248,2
DA:249,11
DA:252,2
DA:253,12
DA:254,12
DA:255,12
DA:263,0
DA:270,1
DA:277,0
LF:40
LH:26
BRF:0
BRH:0
end_of_record
TN:
SF:src/app/sequence.classes.ts
FN:18,(anonymous_0)
FN:26,(anonymous_1)
FN:33,(anonymous_2)
FN:76,(anonymous_3)
FN:78,(anonymous_4)
FN:79,(anonymous_5)
FN:80,(anonymous_6)
FN:81,(anonymous_7)
FN:88,(anonymous_8)
FN:95,(anonymous_9)
FN:102,(anonymous_10)
FN:109,(anonymous_11)
FN:116,(anonymous_12)
FN:123,(anonymous_13)
FNF:14
FNH:6
FNDA:3,(anonymous_0)
FNDA:0,(anonymous_1)
FNDA:0,(anonymous_2)
FNDA:1,(anonymous_3)
FNDA:1,(anonymous_4)
FNDA:1,(anonymous_5)
FNDA:1,(anonymous_6)
FNDA:2,(anonymous_7)
FNDA:0,(anonymous_8)
FNDA:0,(anonymous_9)
FNDA:0,(anonymous_10)
FNDA:0,(anonymous_11)
FNDA:0,(anonymous_12)
FNDA:0,(anonymous_13)
DA:19,3
DA:20,3
DA:27,0
DA:34,0
DA:50,1
DA:55,1
DA:60,1
DA:65,1
DA:77,1
DA:78,1
DA:79,1
DA:80,1
DA:81,2
DA:82,1
DA:89,0
DA:96,0
DA:103,0
DA:110,0
DA:117,0
DA:124,0
LF:20
LH:12
BRF:0
BRH:0
end_of_record
TN:
SF:src/app/LogManipulator/event-grouping.ts
FN:24,(anonymous_0)
FN:32,(anonymous_1)
FN:35,(anonymous_2)
FN:59,(anonymous_3)
FN:67,(anonymous_4)
FN:76,(anonymous_5)
FNF:6
FNH:4
FNDA:1,(anonymous_0)
FNDA:1,(anonymous_1)
FNDA:8,(anonymous_2)
FNDA:26,(anonymous_3)
FNDA:0,(anonymous_4)
FNDA:0,(anonymous_5)
DA:13,1
DA:24,1
DA:33,1
DA:35,1
DA:36,8
DA:39,1
DA:40,1
DA:41,1
DA:42,1
DA:43,9
DA:44,9
DA:45,3
DA:47,6
DA:48,6
DA:49,6
DA:60,26
DA:68,0
DA:77,0
LF:18
LH:16
BRDA:44,0,0,3
BRDA:44,0,1,6
BRF:2
BRH:2
end_of_record
TN:
SF:src/app/LogManipulator/event-search.ts
FN:26,(anonymous_0)
FN:31,(anonymous_1)
FN:34,(anonymous_2)
FN:51,(anonymous_3)
FN:59,(anonymous_4)
FN:68,(anonymous_5)
FN:73,(anonymous_6)
FN:77,(anonymous_7)
FN:82,(anonymous_8)
FN:95,(anonymous_9)
FNF:10
FNH:0
FNDA:0,(anonymous_0)
FNDA:0,(anonymous_1)
FNDA:0,(anonymous_2)
FNDA:0,(anonymous_3)
FNDA:0,(anonymous_4)
FNDA:0,(anonymous_5)
FNDA:0,(anonymous_6)
FNDA:0,(anonymous_7)
FNDA:0,(anonymous_8)
FNDA:0,(anonymous_9)
DA:26,0
DA:27,0
DA:29,0
DA:31,0
DA:34,0
DA:37,0
DA:38,0
DA:40,0
DA:41,0
DA:43,0
DA:52,0
DA:60,0
DA:70,0
DA:72,0
DA:73,0
DA:76,0
DA:77,0
DA:80,0
DA:81,0
DA:82,0
DA:85,0
DA:97,0
DA:98,0
DA:99,0
DA:100,0
DA:101,0
DA:102,0
DA:103,0
DA:105,0
LF:29
LH:0
BRDA:29,0,0,0
BRDA:29,0,1,0
BRDA:37,1,0,0
BRDA:40,2,0,0
BRDA:72,3,0,0
BRDA:76,4,0,0
BRDA:80,5,0,0
BRDA:97,6,0,0
BRDA:98,7,0,0
BRDA:99,8,0,0
BRDA:100,9,0,0
BRDA:101,10,0,0
BRDA:102,11,0,0
BRDA:103,12,0,0
BRF:14
BRH:0
end_of_record
TN:
SF:src/app/LogManipulator/identity.ts
FN:19,(anonymous_0)
FN:27,(anonymous_1)
FN:36,(anonymous_2)
FNF:3
FNH:0
FNDA:0,(anonymous_0)
FNDA:0,(anonymous_1)
FNDA:0,(anonymous_2)
DA:20,0
DA:28,0
DA:37,0
LF:3
LH:0
BRF:0
BRH:0
end_of_record
TN:
SF:src/app/LogManipulator/sequence-search.ts
FN:25,(anonymous_0)
FN:32,(anonymous_1)
FN:41,(anonymous_2)
FN:50,(anonymous_3)
FN:61,(anonymous_4)
FN:142,(anonymous_5)
FN:143,(anonymous_6)
FN:147,(anonymous_7)
FN:148,(anonymous_8)
FN:162,(anonymous_9)
FN:177,(anonymous_10)
FN:178,(anonymous_11)
FN:187,(anonymous_12)
FN:188,(anonymous_13)
FN:202,(anonymous_14)
FN:206,(anonymous_15)
FN:212,(anonymous_16)
FN:219,(anonymous_17)
FN:231,(anonymous_18)
FN:237,(anonymous_19)
FN:255,(anonymous_20)
FN:259,(anonymous_21)
FN:265,(anonymous_22)
FN:276,(anonymous_23)
FN:282,(anonymous_24)
FN:299,(anonymous_25)
FNF:26
FNH:1
FNDA:1,(anonymous_0)
FNDA:0,(anonymous_1)
FNDA:0,(anonymous_2)
FNDA:0,(anonymous_3)
FNDA:0,(anonymous_4)
FNDA:0,(anonymous_5)
FNDA:0,(anonymous_6)
FNDA:0,(anonymous_7)
FNDA:0,(anonymous_8)
FNDA:0,(anonymous_9)
FNDA:0,(anonymous_10)
FNDA:0,(anonymous_11)
FNDA:0,(anonymous_12)
FNDA:0,(anonymous_13)
FNDA:0,(anonymous_14)
FNDA:0,(anonymous_15)
FNDA:0,(anonymous_16)
FNDA:0,(anonymous_17)
FNDA:0,(anonymous_18)
FNDA:0,(anonymous_19)
FNDA:0,(anonymous_20)
FNDA:0,(anonymous_21)
FNDA:0,(anonymous_22)
FNDA:0,(anonymous_23)
FNDA:0,(anonymous_24)
FNDA:0,(anonymous_25)
DA:19,1
DA:25,1
DA:33,0
DA:34,0
DA:42,0
DA:51,0
DA:52,0
DA:54,0
DA:76,0
DA:79,0
DA:82,0
DA:85,0
DA:86,0
DA:89,0
DA:98,0
DA:99,0
DA:102,0
DA:103,0
DA:107,0
DA:108,0
DA:113,0
DA:114,0
DA:115,0
DA:116,0
DA:117,0
DA:118,0
DA:119,0
DA:120,0
DA:125,0
DA:128,0
DA:130,0
DA:143,0
DA:145,0
DA:147,0
DA:148,0
DA:149,0
DA:151,0
DA:163,0
DA:164,0
DA:165,0
DA:167,0
DA:178,0
DA:179,0
DA:188,0
DA:189,0
DA:190,0
DA:191,0
DA:203,0
DA:204,0
DA:205,0
DA:206,0
DA:209,0
DA:212,0
DA:215,0
DA:216,0
DA:217,0
DA:218,0
DA:219,0
DA:220,0
DA:221,0
DA:224,0
DA:226,0
DA:230,0
DA:231,0
DA:234,0
DA:237,0
DA:238,0
DA:240,0
DA:243,0
DA:246,0
DA:256,0
DA:257,0
DA:258,0
DA:259,0
DA:262,0
DA:265,0
DA:268,0
DA:269,0
DA:270,0
DA:275,0
DA:276,0
DA:279,0
DA:282,0
DA:283,0
DA:285,0
DA:287,0
DA:291,0
DA:300,0
DA:301,0
DA:302,0
DA:303,0
DA:305,0
DA:306,0
DA:308,0
DA:310,0
LF:95
LH:2
BRDA:51,0,0,0
BRDA:89,1,0,0
BRDA:89,2,0,0
BRDA:89,2,1,0
BRDA:116,3,0,0
BRDA:116,3,1,0
BRDA:117,4,0,0
BRDA:117,5,0,0
BRDA:117,5,1,0
BRDA:179,6,0,0
BRDA:179,6,1,0
BRDA:179,6,2,0
BRDA:215,7,0,0
BRDA:215,7,1,0
BRDA:215,8,0,0
BRDA:215,8,1,0
BRDA:217,9,0,0
BRDA:217,10,0,0
BRDA:217,10,1,0
BRDA:220,11,0,0
BRDA:231,12,0,0
BRDA:231,12,1,0
BRDA:234,13,0,0
BRDA:268,14,0,0
BRDA:268,15,0,0
BRDA:268,15,1,0
BRDA:276,16,0,0
BRDA:276,16,1,0
BRDA:279,17,0,0
BRF:29
BRH:0
end_of_record
TN:
SF:src/app/components/chart/chart.component.ts
FN:193,(anonymous_0)
FN:198,(anonymous_1)
FN:206,(anonymous_2)
FN:207,(anonymous_3)
FN:208,(anonymous_4)
FN:211,(anonymous_5)
FN:253,(anonymous_6)
FN:255,(anonymous_7)
FN:256,(anonymous_8)
FN:257,(anonymous_9)
FN:258,(anonymous_10)
FN:300,(anonymous_11)
FN:308,(anonymous_12)
FN:313,(anonymous_13)
FN:322,(anonymous_14)
FN:333,(anonymous_15)
FN:337,(anonymous_16)
FN:339,(anonymous_17)
FN:345,(anonymous_18)
FN:359,(anonymous_19)
FN:360,(anonymous_20)
FN:383,(anonymous_21)
FN:419,(anonymous_22)
FN:421,(anonymous_23)
FN:424,(anonymous_24)
FN:426,(anonymous_25)
FN:427,(anonymous_26)
FN:428,(anonymous_27)
FN:431,(anonymous_28)
FN:440,(anonymous_29)
FN:446,(anonymous_30)
FN:447,(anonymous_31)
FN:449,(anonymous_32)
FN:452,(anonymous_33)
FN:464,(anonymous_34)
FN:470,(anonymous_35)
FN:479,(anonymous_36)
FN:489,(anonymous_37)
FN:491,(anonymous_38)
FN:506,(anonymous_39)
FN:526,(anonymous_40)
FN:546,(anonymous_41)
FN:564,(anonymous_42)
FN:573,(anonymous_43)
FNF:44
FNH:0
FNDA:0,(anonymous_0)
FNDA:0,(anonymous_1)
FNDA:0,(anonymous_2)
FNDA:0,(anonymous_3)
FNDA:0,(anonymous_4)
FNDA:0,(anonymous_5)
FNDA:0,(anonymous_6)
FNDA:0,(anonymous_7)
FNDA:0,(anonymous_8)
FNDA:0,(anonymous_9)
FNDA:0,(anonymous_10)
FNDA:0,(anonymous_11)
FNDA:0,(anonymous_12)
FNDA:0,(anonymous_13)
FNDA:0,(anonymous_14)
FNDA:0,(anonymous_15)
FNDA:0,(anonymous_16)
FNDA:0,(anonymous_17)
FNDA:0,(anonymous_18)
FNDA:0,(anonymous_19)
FNDA:0,(anonymous_20)
FNDA:0,(anonymous_21)
FNDA:0,(anonymous_22)
FNDA:0,(anonymous_23)
FNDA:0,(anonymous_24)
FNDA:0,(anonymous_25)
FNDA:0,(anonymous_26)
FNDA:0,(anonymous_27)
FNDA:0,(anonymous_28)
FNDA:0,(anonymous_29)
FNDA:0,(anonymous_30)
FNDA:0,(anonymous_31)
FNDA:0,(anonymous_32)
FNDA:0,(anonymous_33)
FNDA:0,(anonymous_34)
FNDA:0,(anonymous_35)
FNDA:0,(anonymous_36)
FNDA:0,(anonymous_37)
FNDA:0,(anonymous_38)
FNDA:0,(anonymous_39)
FNDA:0,(anonymous_40)
FNDA:0,(anonymous_41)
FNDA:0,(anonymous_42)
FNDA:0,(anonymous_43)
DA:5,1
DA:19,1
DA:25,0
DA:31,0
DA:37,0
DA:43,0
DA:49,0
DA:55,0
DA:61,0
DA:79,0
DA:85,0
DA:91,0
DA:127,0
DA:170,0
DA:193,0
DA:195,0
DA:196,0
DA:198,0
DA:199,0
DA:200,0
DA:201,0
DA:202,0
DA:206,0
DA:207,0
DA:208,0
DA:211,0
DA:213,0
DA:214,0
DA:215,0
DA:216,0
DA:217,0
DA:222,0
DA:223,0
DA:224,0
DA:227,0
DA:229,0
DA:231,0
DA:232,0
DA:233,0
DA:234,0
DA:239,0
DA:240,0
DA:241,0
DA:245,0
DA:255,0
DA:256,0
DA:257,0
DA:258,0
DA:260,0
DA:261,0
DA:262,0
DA:263,0
DA:264,0
DA:269,0
DA:270,0
DA:271,0
DA:274,0
DA:276,0
DA:278,0
DA:279,0
DA:280,0
DA:281,0
DA:286,0
DA:287,0
DA:288,0
DA:292,0
DA:301,0
DA:311,0
DA:313,0
DA:316,0
DA:319,0
DA:322,0
DA:325,0
DA:333,0
DA:336,0
DA:337,0
DA:339,0
DA:342,0
DA:344,0
DA:345,0
DA:353,0
DA:358,0
DA:359,0
DA:361,0
DA:362,0
DA:363,0
DA:369,0
DA:374,0
DA:378,0
DA:383,0
DA:384,0
DA:386,0
DA:387,0
DA:388,0
DA:391,0
DA:392,0
DA:393,0
DA:394,0
DA:395,0
DA:397,0
DA:402,0
DA:403,0
DA:408,0
DA:409,0
DA:410,0
DA:413,0
DA:414,0
DA:419,0
DA:421,0
DA:424,0
DA:426,0
DA:427,0
DA:429,0
DA:432,0
DA:435,0
DA:440,0
DA:443,0
DA:446,0
DA:447,0
DA:449,0
DA:452,0
DA:453,0
DA:454,0
DA:465,0
DA:470,0
DA:481,0
DA:482,0
DA:486,0
DA:489,0
DA:491,0
DA:492,0
DA:493,0
DA:494,0
DA:496,0
DA:497,0
DA:498,0
DA:507,0
DA:508,0
DA:509,0
DA:527,0
DA:528,0
DA:530,0
DA:531,0
DA:532,0
DA:533,0
DA:534,0
DA:535,0
DA:536,0
DA:537,0
DA:547,0
DA:548,0
DA:551,0
DA:552,0
DA:554,0
DA:565,0
DA:574,0
LF:156
LH:2
BRDA:207,0,0,0
BRDA:207,0,1,0
BRDA:216,1,0,0
BRDA:256,2,0,0
BRDA:256,2,1,0
BRDA:263,3,0,0
BRDA:369,4,0,0
BRDA:369,4,1,0
BRDA:392,5,0,0
BRDA:394,6,0,0
BRDA:447,7,0,0
BRDA:447,7,1,0
BRDA:496,8,0,0
BRDA:496,8,1,0
BRDA:547,9,0,0
BRDA:551,10,0,0
BRF:16
BRH:0
end_of_record
TN:
SF:src/app/components/chart-header/chart-header.component.ts
FNF:0
FNH:0
DA:11,1
LF:1
LH:1
BRF:0
BRH:0
end_of_record
TN:
SF:src/app/components/chart-search/chart-search.component.ts
FNF:0
FNH:0
DA:11,1
LF:1
LH:1
BRF:0
BRH:0
end_of_record
TN:
SF:src/app/components/event-grouping/event-grouping.component.ts
FN:29,(anonymous_0)
FN:36,(anonymous_1)
FNF:2
FNH:2
FNDA:1,(anonymous_0)
FNDA:1,(anonymous_1)
DA:14,1
DA:19,1
DA:29,1
DA:37,1
DA:38,0
DA:39,0
DA:41,1
LF:7
LH:5
BRDA:37,0,0,0
BRDA:37,0,1,1
BRF:2
BRH:1
end_of_record
TN:
SF:src/app/components/event-search/event-search.component.ts
FN:62,(anonymous_0)
FN:72,(anonymous_1)
FN:73,(anonymous_2)
FN:79,(anonymous_3)
FNF:4
FNH:0
FNDA:0,(anonymous_0)
FNDA:0,(anonymous_1)
FNDA:0,(anonymous_2)
FNDA:0,(anonymous_3)
DA:16,1
DA:21,0
DA:26,0
DA:31,0
DA:36,0
DA:41,0
DA:50,0
DA:62,0
DA:63,0
DA:64,0
DA:65,0
DA:67,0
DA:68,0
DA:72,0
DA:73,0
DA:80,0
DA:81,0
DA:83,0
LF:18
LH:1
BRDA:64,0,0,0
BRDA:67,1,0,0
BRDA:80,2,0,0
BRDA:80,2,1,0
BRDA:80,3,0,0
BRDA:80,3,1,0
BRDA:80,3,2,0
BRF:7
BRH:0
end_of_record
TN:
SF:src/app/components/file-info/file-info.component.ts
FN:47,(anonymous_0)
FN:74,(anonymous_1)
FNF:2
FNH:0
FNDA:0,(anonymous_0)
FNDA:0,(anonymous_1)
DA:7,1
DA:17,1
DA:47,0
DA:49,0
DA:50,0
DA:51,0
DA:52,0
DA:54,0
DA:55,0
DA:57,0
DA:63,0
DA:67,0
DA:75,0
LF:13
LH:2
BRF:0
BRH:0
end_of_record
TN:
SF:src/app/components/file-upload/file-upload.component.ts
FN:51,(anonymous_0)
FN:58,(anonymous_1)
FN:71,(anonymous_2)
FN:79,(anonymous_3)
FN:90,(anonymous_4)
FN:91,(anonymous_5)
FN:104,(anonymous_6)
FN:105,(anonymous_7)
FN:129,(anonymous_8)
FNF:9
FNH:0
FNDA:0,(anonymous_0)
FNDA:0,(anonymous_1)
FNDA:0,(anonymous_2)
FNDA:0,(anonymous_3)
FNDA:0,(anonymous_4)
FNDA:0,(anonymous_5)
FNDA:0,(anonymous_6)
FNDA:0,(anonymous_7)
FNDA:0,(anonymous_8)
DA:14,1
DA:19,0
DA:34,0
DA:39,0
DA:51,0
DA:59,0
DA:60,0
DA:61,0
DA:62,0
DA:64,0
DA:72,0
DA:80,0
DA:82,0
DA:84,0
DA:91,0
DA:92,0
DA:93,0
DA:94,0
DA:95,0
DA:96,0
DA:105,0
DA:106,0
DA:108,0
DA:110,0
DA:111,0
DA:112,0
DA:113,0
DA:114,0
DA:116,0
DA:118,0
DA:121,0
DA:122,0
DA:130,0
DA:131,0
DA:134,0
DA:136,0
LF:36
LH:1
BRDA:59,0,0,0
BRDA:59,1,0,0
BRDA:59,1,1,0
BRDA:61,2,0,0
BRDA:61,2,1,0
BRDA:82,3,0,0
BRDA:82,4,0,0
BRDA:82,4,1,0
BRDA:92,5,0,0
BRDA:92,5,1,0
BRDA:94,6,0,0
BRDA:110,7,0,0
BRDA:110,7,1,0
BRDA:110,8,0,0
BRDA:110,8,1,0
BRDA:111,9,0,0
BRDA:111,9,1,0
BRDA:113,10,0,0
BRDA:134,11,0,0
BRF:19
BRH:0
end_of_record
TN:
SF:src/app/components/nav-bar/nav-bar.component.ts
FN:18,(anonymous_0)
FN:28,(anonymous_1)
FNF:2
FNH:0
FNDA:0,(anonymous_0)
FNDA:0,(anonymous_1)
DA:12,1
DA:18,0
DA:23,0
DA:29,0
LF:4
LH:1
BRF:0
BRH:0
end_of_record
TN:
SF:src/app/components/sequence-search/sequence-search.component.ts
FN:57,(anonymous_0)
FN:76,(anonymous_1)
FN:83,(anonymous_2)
FN:90,(anonymous_3)
FN:98,(anonymous_4)
FN:99,(anonymous_5)
FN:101,(anonymous_6)
FN:109,(anonymous_7)
FN:110,(anonymous_8)
FN:124,(anonymous_9)
FN:125,(anonymous_10)
FN:134,(anonymous_11)
FN:135,(anonymous_12)
FN:156,(anonymous_13)
FN:169,(anonymous_14)
FNF:15
FNH:0
FNDA:0,(anonymous_0)
FNDA:0,(anonymous_1)
FNDA:0,(anonymous_2)
FNDA:0,(anonymous_3)
FNDA:0,(anonymous_4)
FNDA:0,(anonymous_5)
FNDA:0,(anonymous_6)
FNDA:0,(anonymous_7)
FNDA:0,(anonymous_8)
FNDA:0,(anonymous_9)
FNDA:0,(anonymous_10)
FNDA:0,(anonymous_11)
FNDA:0,(anonymous_12)
FNDA:0,(anonymous_13)
FNDA:0,(anonymous_14)
DA:18,1
DA:23,0
DA:28,0
DA:43,0
DA:57,0
DA:58,0
DA:63,0
DA:67,0
DA:68,0
DA:77,0
DA:84,0
DA:91,0
DA:99,0
DA:100,0
DA:101,0
DA:110,0
DA:111,0
DA:112,0
DA:113,0
DA:114,0
DA:125,0
DA:126,0
DA:135,0
DA:136,0
DA:138,0
DA:140,0
DA:141,0
DA:142,0
DA:144,0
DA:145,0
DA:147,0
DA:157,0
DA:170,0
DA:171,0
DA:172,0
DA:175,0
LF:36
LH:1
BRDA:67,0,0,0
BRDA:67,1,0,0
BRDA:67,1,1,0
BRDA:138,2,0,0
BRDA:138,2,1,0
BRDA:140,3,0,0
BRDA:140,3,1,0
BRDA:170,4,0,0
BRF:8
BRH:0
end_of_record
TN:
SF:src/app/components/table/table.component.ts
FN:51,(anonymous_0)
FN:54,(anonymous_1)
FN:65,(anonymous_2)
FN:73,(anonymous_3)
FN:110,(anonymous_4)
FNF:5
FNH:0
FNDA:0,(anonymous_0)
FNDA:0,(anonymous_1)
FNDA:0,(anonymous_2)
FNDA:0,(anonymous_3)
FNDA:0,(anonymous_4)
DA:15,1
DA:20,0
DA:30,0
DA:35,0
DA:40,0
DA:45,0
DA:51,0
DA:52,0
DA:53,0
DA:54,0
DA:55,0
DA:56,0
DA:57,0
DA:66,0
DA:67,0
DA:74,0
DA:76,0
DA:77,0
DA:78,0
DA:79,0
DA:86,0
DA:100,0
DA:111,0
LF:23
LH:1
BRDA:77,0,0,0
BRF:1
BRH:0
end_of_record
TN:
SF:src/app/components/table-header/table-header.component.ts
FNF:0
FNH:0
DA:11,1
LF:1
LH:1
BRF:0
BRH:0
end_of_record
TN:
SF:src/app/components/table-search/table-search.component.ts
FNF:0
FNH:0
DA:11,1
LF:1
LH:1
BRF:0
BRH:0
end_of_record
TN:
SF:src/app/services/LogManipulation/log-manipulation.service.ts
FN:29,(anonymous_0)
FN:36,(anonymous_1)
FN:45,(anonymous_2)
FNF:3
FNH:2
FNDA:1,(anonymous_0)
FNDA:1,(anonymous_1)
FNDA:0,(anonymous_2)
DA:13,1
DA:18,1
DA:23,1
DA:29,1
DA:37,1
DA:38,1
DA:46,0
DA:47,0
DA:48,0
LF:9
LH:6
BRF:0
BRH:0
end_of_record
TN:
SF:src/app/services/fetch/sequence-fetch.service.ts
FN:20,(anonymous_0)
FN:27,(anonymous_1)
FN:36,(anonymous_2)
FNF:3
FNH:0
FNDA:0,(anonymous_0)
FNDA:0,(anonymous_1)
FNDA:0,(anonymous_2)
DA:13,1
DA:20,0
DA:28,0
DA:37,0
LF:4
LH:1
BRF:0
BRH:0
end_of_record
TN:
SF:src/app/services/log/log.service.ts
FN:15,(anonymous_0)
FN:27,(anonymous_1)
FN:35,(anonymous_2)
FN:43,(anonymous_3)
FN:50,(anonymous_4)
FNF:5
FNH:2
FNDA:1,(anonymous_0)
FNDA:1,(anonymous_1)
FNDA:0,(anonymous_2)
FNDA:0,(anonymous_3)
FNDA:0,(anonymous_4)
DA:10,1
DA:16,1
DA:28,1
DA:36,0
DA:44,0
DA:51,0
LF:6
LH:3
BRF:0
BRH:0
end_of_record
TN:
SF:src/app/services/upload/file-upload.service.ts
FN:19,(anonymous_0)
FN:26,(anonymous_1)
FNF:2
FNH:0
FNDA:0,(anonymous_0)
FNDA:0,(anonymous_1)
DA:12,1
DA:19,0
DA:27,0
DA:29,0
DA:31,0
DA:35,0
DA:41,0
LF:7
LH:1
BRF:0
BRH:0
end_of_record
TN:
SF:src/app/test_common/logMock.ts
FNF:0
FNH:0
DA:4,1
DA:126,1
DA:130,1
DA:182,1
LF:4
LH:4
BRF:0
BRH:0
end_of_record
TN:
SF:src/app/test_common/sequenceMock.ts
FNF:0
FNH:0
DA:3,1
DA:30,1
LF:2
LH:2
BRF:0
BRH:0
end_of_record
TN:
SF:src/environments/environment.development.ts
FNF:0
FNH:0
DA:4,1
LF:1
LH:1
BRF:0
BRH:0
end_of_record
TN:
SF:src/environments/environment.ts
FNF:0
FNH:0
DA:4,1
LF:1
LH:1
BRF:0
BRH:0
end_of_record
